2025-04-23 20:39:01.027 WARNING (SyncWorker_0) [homeassistant.loader] We found a custom integration adaptive_lighting which has not been tested by Home Assistant. This component might cause stability problems, be sure to disable it if you experience issues with Home Assistant
2025-04-23 20:39:01.030 WARNING (SyncWorker_0) [homeassistant.loader] We found a custom integration hacs which has not been tested by Home Assistant. This component might cause stability problems, be sure to disable it if you experience issues with Home Assistant
2025-04-23 20:39:01.034 WARNING (SyncWorker_0) [homeassistant.loader] We found a custom integration virtual which has not been tested by Home Assistant. This component might cause stability problems, be sure to disable it if you experience issues with Home Assistant
2025-04-23 20:39:04.467 WARNING (ImportExecutor_0) [homeassistant.components.light] SUPPORT_EFFECT was used from virtual, this is a deprecated constant which will be removed in HA Core 2026.1. Use LightEntityFeature.EFFECT instead, please report it to the author of the 'virtual' custom integration
2025-04-23 20:39:04.468 WARNING (ImportExecutor_0) [homeassistant.components.light] SUPPORT_EFFECT was used from virtual, this is a deprecated constant which will be removed in HA Core 2026.1. Use LightEntityFeature.EFFECT instead, please report it to the author of the 'virtual' custom integration
2025-04-23 20:39:04.474 WARNING (ImportExecutor_0) [homeassistant.const] STATE_LOCKED was used from virtual, this is a deprecated constant which will be removed in HA Core 2025.10. Use LockState.LOCKED instead, please report it to the author of the 'virtual' custom integration
2025-04-23 20:39:04.504 WARNING (MainThread) [homeassistant.helpers.frame] Detected that custom integration 'virtual' is using mireds for warmest light color temperature, when it should be adjusted to use the kelvin attribute `_attr_min_color_temp_kelvin` or override the kelvin property `min_color_temp_kelvin`, possibly with default DEFAULT_MIN_KELVIN (see https://github.com/home-assistant/core/pull/79591) at custom_components/virtual/light.py, line 111: async_add_entities(entities). This will stop working in Home Assistant 2026.1, please create a bug report at https://github.com/twrecked/hass-virtual/issues
2025-04-23 20:39:04.536 ERROR (MainThread) [homeassistant.components.sensor] Error while setting up virtual platform for sensor: extra keys not allowed @ data['device_class']
Traceback (most recent call last):
  File "/usr/src/homeassistant/homeassistant/helpers/entity_platform.py", line 382, in _async_setup_platform
    await asyncio.shield(awaitable)
  File "/config/custom_components/virtual/sensor.py", line 137, in async_setup_entry
    entity = SENSOR_SCHEMA(entity)
  File "/usr/local/lib/python3.13/site-packages/voluptuous/schema_builder.py", line 205, in __call__
    return self._compiled([], data)
           ~~~~~~~~~~~~~~^^^^^^^^^^
  File "/usr/local/lib/python3.13/site-packages/voluptuous/schema_builder.py", line 549, in validate_dict
    return base_validate(path, data.items(), out)
  File "/usr/local/lib/python3.13/site-packages/voluptuous/schema_builder.py", line 382, in validate_mapping
    raise er.MultipleInvalid(errors)
voluptuous.error.MultipleInvalid: extra keys not allowed @ data['device_class']
2025-04-23 20:39:05.054 WARNING (MainThread) [homeassistant.helpers.frame] Detected that integration 'homeassistant' is using mireds for warmest light color temperature, when it should be adjusted to use the kelvin attribute `_attr_min_color_temp_kelvin` or override the kelvin property `min_color_temp_kelvin`, possibly with default DEFAULT_MIN_KELVIN (see https://github.com/home-assistant/core/pull/79591) at homeassistant/components/homeassistant/exposed_entities.py, line 270: entity_registry.async_update_entity_options(. This will stop working in Home Assistant 2026.1, please create a bug report at https://github.com/home-assistant/core/issues?q=is%3Aopen+is%3Aissue+label%3A%22integration%3A+homeassistant%22
2025-04-23 20:39:34.536 WARNING (MainThread) [homeassistant.helpers.frame] Detected that custom integration 'virtual' is using mireds for warmest light color temperature, when it should be adjusted to use the kelvin attribute `_attr_min_color_temp_kelvin` or override the kelvin property `min_color_temp_kelvin`, possibly with default DEFAULT_MIN_KELVIN (see https://github.com/home-assistant/core/pull/79591). This will stop working in Home Assistant 2026.1, please create a bug report at https://github.com/twrecked/hass-virtual/issues
2025-04-23 20:39:34.536 WARNING (MainThread) [homeassistant.helpers.frame] Detected that custom integration 'virtual' is using mireds for coldest light color temperature, when it should be adjusted to use the kelvin attribute `_attr_max_color_temp_kelvin` or override the kelvin property `max_color_temp_kelvin`, possibly with default DEFAULT_MAX_KELVIN (see https://github.com/home-assistant/core/pull/79591). This will stop working in Home Assistant 2026.1, please create a bug report at https://github.com/twrecked/hass-virtual/issues
2025-04-23 20:40:20.073 WARNING (MainThread) [homeassistant.helpers.frame] Detected that integration 'websocket_api' is using mireds for warmest light color temperature, when it should be adjusted to use the kelvin attribute `_attr_min_color_temp_kelvin` or override the kelvin property `min_color_temp_kelvin`, possibly with default DEFAULT_MIN_KELVIN (see https://github.com/home-assistant/core/pull/79591) at homeassistant/components/websocket_api/commands.py, line 245: response = await hass.services.async_call(. This will stop working in Home Assistant 2026.1, please create a bug report at https://github.com/home-assistant/core/issues?q=is%3Aopen+is%3Aissue+label%3A%22integration%3A+websocket_api%22
2025-04-23 20:42:10.895 ERROR (MainThread) [frontend.js.modern.202503060] Uncaught error from Firefox 137.0 on Windows 10
Error: Failed to execute 'define' on 'CustomElementRegistry': the name "mushroom-select" has already been used with this registry
72311/</window.CustomElementRegistry.prototype.define (src/scoped-custom-element-registry.js:44:14)
il/< (/hacsfiles/lovelace-mushroom/mushroom.js:23:126)
Kr (/hacsfiles/lovelace-mushroom/mushroom.js:1:15090)
/hacsfiles/lovelace-mushroom/mushroom.js:286:46391
2025-04-23 20:45:26.143 WARNING (MainThread) [homeassistant.helpers.frame] Detected that integration 'automation' is using mireds for warmest light color temperature, when it should be adjusted to use the kelvin attribute `_attr_min_color_temp_kelvin` or override the kelvin property `min_color_temp_kelvin`, possibly with default DEFAULT_MIN_KELVIN (see https://github.com/home-assistant/core/pull/79591) at homeassistant/components/automation/__init__.py, line 717: return await self.action_script.async_run(. This will stop working in Home Assistant 2026.1, please create a bug report at https://github.com/home-assistant/core/issues?q=is%3Aopen+is%3Aissue+label%3A%22integration%3A+automation%22
